2024-02-27 18:10:09	INFO	::casa	
2024-02-27 18:10:09	INFO	::casa	Checking telemetry submission interval
2024-02-27 18:10:09	INFO	::casa	Telemetry submit interval not reached. Not submitting data.
2024-02-27 18:10:09	INFO	::casa	Next telemetry data submission in: 6 days, 23:30:30.323676
2024-02-27 18:10:09	INFO	::casa	CASA Version PIPELINE 5.6.1-8  
2024-02-27 18:10:11	INFO	tclean::::	
2024-02-27 18:10:11	INFO	tclean::::+	##########################################
2024-02-27 18:10:11	INFO	tclean::::+	##### Begin Task: tclean             #####
2024-02-27 18:10:11	INFO	tclean::::	tclean(vis="/idia/projects/oh-mkt/thato_reductions/HATLASJ13242_Track1_reductions/run_specline/oxkat/1687191673_chan3106-3406_1024ch_HATLASJ13242.ms.contsub",selectdata=True,field="",spw="",timerange="",
2024-02-27 18:10:11	INFO	tclean::::+	        uvrange="",antenna="",scan="",observation="",intent="",
2024-02-27 18:10:11	INFO	tclean::::+	        datacolumn="corrected",imagename="/idia/projects/oh-mkt/thato_reductions/HATLASJ13242_Track1_reductions/run_specline/oxkat/cube_COMBINED_-0.5.fits",imsize=[512, 512],cell="1.7arcsec",phasecenter="",
2024-02-27 18:10:11	INFO	tclean::::+	        stokes="I",projection="SIN",startmodel="",specmode="cube",reffreq="",
2024-02-27 18:10:11	INFO	tclean::::+	        nchan=-1,start="",width="",outframe="LSRK",veltype="radio",
2024-02-27 18:10:11	INFO	tclean::::+	        restfreq=[],interpolation="linear",perchanweightdensity=True,gridder="standard",facets=1,
2024-02-27 18:10:11	INFO	tclean::::+	        psfphasecenter="",chanchunks=1,wprojplanes=1,vptable="",mosweight=True,
2024-02-27 18:10:11	INFO	tclean::::+	        aterm=True,psterm=False,wbawp=True,conjbeams=False,cfcache="",
2024-02-27 18:10:11	INFO	tclean::::+	        usepointing=False,computepastep=360.0,rotatepastep=360.0,pointingoffsetsigdev=0.0,pblimit=0.2,
2024-02-27 18:10:11	INFO	tclean::::+	        normtype="flatnoise",deconvolver="hogbom",scales=[],nterms=2,smallscalebias=0.0,
2024-02-27 18:10:11	INFO	tclean::::+	        restoration=True,restoringbeam="common",pbcor=False,outlierfile="",weighting="briggs",
2024-02-27 18:10:11	INFO	tclean::::+	        robust=-0.5,noise="1.0Jy",npixels=0,uvtaper=[],niter=80000,
2024-02-27 18:10:11	INFO	tclean::::+	        gain=0.1,threshold=0.0,nsigma=0.0,cycleniter=-1,cyclefactor=1.0,
2024-02-27 18:10:11	INFO	tclean::::+	        minpsffraction=0.05,maxpsffraction=0.8,interactive=False,usemask="user",mask="",
2024-02-27 18:10:11	INFO	tclean::::+	        pbmask=0.0,sidelobethreshold=3.0,noisethreshold=5.0,lownoisethreshold=1.5,negativethreshold=0.0,
2024-02-27 18:10:11	INFO	tclean::::+	        smoothfactor=1.0,minbeamfrac=0.3,cutthreshold=0.01,growiterations=75,dogrowprune=True,
2024-02-27 18:10:11	INFO	tclean::::+	        minpercentchange=-1.0,verbose=False,fastnoise=True,restart=True,savemodel="none",
2024-02-27 18:10:11	INFO	tclean::::+	        calcres=True,calcpsf=True,parallel=False)
2024-02-27 18:10:11	INFO	tclean::::	Verifying Input Parameters
2024-02-27 18:10:11	INFO	SynthesisImagerVi2::selectData 	MS : /idia/projects/oh-mkt/thato_reductions/HATLASJ13242_Track1_reductions/run_specline/oxkat/1687191673_chan3106-3406_1024ch_HATLASJ13242.ms.contsub | [Opened in readonly mode]
2024-02-27 18:10:11	INFO	SynthesisImagerVi2::selectData 	  NRows selected : 2340648
2024-02-27 18:10:11	INFO	MeasIERS::fillMeas(MeasIERS::Files, Double) 	Requested JD 60114.7 is outside the range of the IERS (Earth axis data) table.
2024-02-27 18:10:11	INFO	MeasIERS::fillMeas(MeasIERS::Files, Double) +	Calculations will proceed with less precision
2024-02-27 18:10:11	SEVERE	MeasTable::dUTC(Double) (file ../../measures/Measures/MeasTable.cc, line 4290)	Leap second table TAI_UTC seems out-of-date.
2024-02-27 18:10:11	SEVERE	MeasTable::dUTC(Double) (file ../../measures/Measures/MeasTable.cc, line 4290)+	Until the table is updated (see the CASA documentation or your system admin),
2024-02-27 18:10:11	SEVERE	MeasTable::dUTC(Double) (file ../../measures/Measures/MeasTable.cc, line 4290)+	times and coordinates derived from UTC could be wrong by 1s or more.
2024-02-27 18:10:12	INFO	SynthesisImagerVi2::defineImage 	Define image coordinates for [/idia/projects/oh-mkt/thato_reductions/HATLASJ13242_Track1_reductions/run_specline/oxkat/cube_COMBINED_-0.5.fits] : 
2024-02-27 18:10:13	WARN	SynthesisParamsImage::buildCoordinateSystem (file ../../synthesis/ImagerObjects/SynthesisUtilMethods.cc, line 2124)	No rest frequency info, using the center of the selected spw(s):6.22957e+08 Hz. Velocity labelling may not be correct.
2024-02-27 18:10:13	INFO	MSTransformRegridder::calcChanFreqs	 phaseCenter='Direction: [-0.8179, -0.315807, 0.480942]'  Channels equidistant in freq
2024-02-27 18:10:13	INFO	MSTransformRegridder::calcChanFreqs+	 Central frequency (in output frame) = 6.22985e+08 Hz
2024-02-27 18:10:13	INFO	MSTransformRegridder::calcChanFreqs+	 Width of central channel (in output frame) = 16602.3 Hz
2024-02-27 18:10:13	INFO	MSTransformRegridder::calcChanFreqs+	 Number of channels = 301
2024-02-27 18:10:13	INFO	MSTransformRegridder::calcChanFreqs+	 Total width of SPW (in output frame) = 4.9973e+06 Hz
2024-02-27 18:10:13	INFO	MSTransformRegridder::calcChanFreqs+	 Lower edge = 6.20487e+08 Hz, upper edge = 6.25484e+08 Hz
2024-02-27 18:10:13	INFO	SynthesisImagerVi2::defineImage 	Impars : start 
2024-02-27 18:10:13	INFO	SynthesisImagerVi2::defineImage 	Shape : [512, 512, 1, 301]Spectral : [6.20495e+08] at [0] with increment [16602.3]
2024-02-27 18:10:13	INFO	SynthesisImagerVi2::defineImage 	Set Gridding options for [/idia/projects/oh-mkt/thato_reductions/HATLASJ13242_Track1_reductions/run_specline/oxkat/cube_COMBINED_-0.5.fits] with ftmachine : gridft
2024-02-27 18:10:13	INFO	SynthesisImagerVi2::weight() 	Set imaging weights : Briggs weighting: sidelobes will be suppressed over full image
2024-02-27 18:10:13	INFO	SynthesisImagerVi2::weight() 	Doing spectral cube Briggs weighting formula --  norm
2024-02-27 18:10:13	INFO	SynthesisImager::tuneSelectData 	Tuning frequency data selection to match image spectral coordinates
2024-02-27 18:10:13	INFO	SynthesisImagerVi2::selectData 	MS : /idia/projects/oh-mkt/thato_reductions/HATLASJ13242_Track1_reductions/run_specline/oxkat/1687191673_chan3106-3406_1024ch_HATLASJ13242.ms.contsub | [Opened in readonly mode]
2024-02-27 18:10:13	INFO	SynthesisImagerVi2::selectData 	  NRows selected : 2340648
2024-02-27 18:10:14	INFO	task_tclean::SynthesisDeconvolver::setupDeconvolution 	Set Deconvolution Options for [/idia/projects/oh-mkt/thato_reductions/HATLASJ13242_Track1_reductions/run_specline/oxkat/cube_COMBINED_-0.5.fits] : hogbom
2024-02-27 18:10:14	INFO	SynthesisIterBot::setupIteration 	Set Iteration Control Options
2024-02-27 18:10:14	INFO	task_tclean::SynthesisImager::makePSF 	----------------------------------------------------------- Make PSF ---------------------------------------------
